2020-02-24 12:12:57,936 - Simulator - INFO - My rank is 0 
I have nodes on my device: ['c0', 'c1', 'c2', 'c3', 'c4', 'c5'] 
  --name: c0, --attrs: {'type': 'server', 'energy': inf, 'movable': False, 'adj': {'c1': {'channel': 'Gaussian'}, 'c2': {'channel': 'Gaussian'}, 'c3': {'channel': 'Gaussian'}, 'c4': {'channel': 'Gaussian'}, 'c5': {'channel': 'Gaussian'}}, 'rank': 0, 'send_P': 0.0001, 'recv_P': 0.0001, 'cal_P': 0.0001} 
  --adjcency: {'c1': {'channel': 'Gaussian'}, 'c2': {'channel': 'Gaussian'}, 'c3': {'channel': 'Gaussian'}, 'c4': {'channel': 'Gaussian'}, 'c5': {'channel': 'Gaussian'}} 
  --name: c1, --attrs: {'type': 'client', 'adj': {'c0': {'channel': 'Gaussian'}}, 'rank': 0, 'send_P': 0.0001, 'recv_P': 0.0001, 'cal_P': 0.0001, 'energy': 30, 'movable': False} 
  --adjcency: {'c0': {'channel': 'Gaussian'}} 
  --name: c2, --attrs: {'type': 'client', 'adj': {'c0': {'channel': 'Gaussian'}}, 'rank': 0, 'send_P': 0.0001, 'recv_P': 0.0001, 'cal_P': 0.0001, 'energy': 30, 'movable': False} 
  --adjcency: {'c0': {'channel': 'Gaussian'}} 
  --name: c3, --attrs: {'type': 'client', 'adj': {'c0': {'channel': 'Gaussian'}}, 'rank': 0, 'send_P': 0.0001, 'recv_P': 0.0001, 'cal_P': 0.0001, 'energy': 30, 'movable': False} 
  --adjcency: {'c0': {'channel': 'Gaussian'}} 
  --name: c4, --attrs: {'type': 'client', 'adj': {'c0': {'channel': 'Gaussian'}}, 'rank': 0, 'send_P': 0.0001, 'recv_P': 0.0001, 'cal_P': 0.0001, 'energy': 30, 'movable': False} 
  --adjcency: {'c0': {'channel': 'Gaussian'}} 
  --name: c5, --attrs: {'type': 'client', 'adj': {'c0': {'channel': 'Gaussian'}}, 'rank': 0, 'send_P': 0.0001, 'recv_P': 0.0001, 'cal_P': 0.0001, 'energy': 30, 'movable': False} 
  --adjcency: {'c0': {'channel': 'Gaussian'}} 

2020-02-24 12:12:58,016 - Simulator - INFO - My rank is 0, removed_nodes: []
2020-02-24 12:12:58,017 - Simulator - INFO - My rank is 0, removed_edges: [('c0', 'c1'), ('c0', 'c2'), ('c0', 'c5'), ('c1', 'c0')]
2020-02-24 12:13:01,323 - Simulator - INFO - My rank is 0, removed_nodes: []
2020-02-24 12:13:01,324 - Simulator - INFO - My rank is 0, removed_edges: [('c0', 'c2'), ('c0', 'c4'), ('c1', 'c0')]
2020-02-24 12:13:04,010 - Simulator - INFO - My rank is 0, removed_nodes: []
2020-02-24 12:13:04,011 - Simulator - INFO - My rank is 0, removed_edges: [('c0', 'c2'), ('c0', 'c4'), ('c5', 'c0')]
2020-02-24 12:13:04,769 - Simulator - INFO - My rank is 0, removed_nodes: []
2020-02-24 12:13:04,770 - Simulator - INFO - My rank is 0, removed_edges: [('c0', 'c2'), ('c0', 'c3'), ('c1', 'c0'), ('c5', 'c0')]
2020-02-24 12:13:05,597 - Simulator - INFO - My rank is 0, removed_nodes: []
2020-02-24 12:13:05,598 - Simulator - INFO - My rank is 0, removed_edges: [('c0', 'c1'), ('c0', 'c2'), ('c2', 'c0'), ('c5', 'c0')]
2020-02-24 12:13:06,336 - Simulator - INFO - My rank is 0, removed_nodes: []
2020-02-24 12:13:06,337 - Simulator - INFO - My rank is 0, removed_edges: [('c0', 'c2'), ('c2', 'c0')]
2020-02-24 12:13:07,085 - Simulator - INFO - My rank is 0, removed_nodes: []
2020-02-24 12:13:07,086 - Simulator - INFO - My rank is 0, removed_edges: [('c0', 'c1'), ('c0', 'c2'), ('c0', 'c4'), ('c1', 'c0'), ('c4', 'c0')]
2020-02-24 12:13:07,808 - Simulator - INFO - My rank is 0, removed_nodes: []
2020-02-24 12:13:07,809 - Simulator - INFO - My rank is 0, removed_edges: [('c0', 'c2'), ('c0', 'c3'), ('c1', 'c0')]
2020-02-24 12:13:08,537 - Simulator - INFO - My rank is 0, removed_nodes: []
2020-02-24 12:13:08,538 - Simulator - INFO - My rank is 0, removed_edges: [('c0', 'c1'), ('c1', 'c0'), ('c2', 'c0'), ('c5', 'c0')]
2020-02-24 12:13:09,246 - Simulator - INFO - My rank is 0, removed_nodes: []
2020-02-24 12:13:09,247 - Simulator - INFO - My rank is 0, removed_edges: [('c0', 'c3'), ('c1', 'c0'), ('c2', 'c0'), ('c3', 'c0')]
2020-02-24 12:13:09,960 - Simulator - INFO - My rank is 0, removed_nodes: []
2020-02-24 12:13:09,961 - Simulator - INFO - My rank is 0, removed_edges: [('c0', 'c1'), ('c0', 'c4'), ('c1', 'c0'), ('c3', 'c0')]
2020-02-24 12:13:10,679 - Simulator - INFO - My rank is 0, removed_nodes: []
2020-02-24 12:13:10,680 - Simulator - INFO - My rank is 0, removed_edges: [('c0', 'c5'), ('c1', 'c0'), ('c4', 'c0')]
2020-02-24 12:13:11,444 - Simulator - INFO - My rank is 0, removed_nodes: []
2020-02-24 12:13:11,445 - Simulator - INFO - My rank is 0, removed_edges: [('c0', 'c1'), ('c0', 'c3'), ('c0', 'c4'), ('c0', 'c5'), ('c1', 'c0'), ('c4', 'c0')]
2020-02-24 12:13:12,180 - Simulator - INFO - My rank is 0, removed_nodes: []
2020-02-24 12:13:12,181 - Simulator - INFO - My rank is 0, removed_edges: [('c0', 'c2'), ('c2', 'c0'), ('c4', 'c0')]
2020-02-24 12:13:12,920 - Simulator - INFO - My rank is 0, removed_nodes: []
2020-02-24 12:13:12,921 - Simulator - INFO - My rank is 0, removed_edges: [('c0', 'c1'), ('c0', 'c3'), ('c2', 'c0'), ('c3', 'c0'), ('c4', 'c0'), ('c5', 'c0')]
2020-02-24 12:13:13,642 - Simulator - INFO - My rank is 0, removed_nodes: []
2020-02-24 12:13:13,643 - Simulator - INFO - My rank is 0, removed_edges: [('c0', 'c1'), ('c0', 'c3'), ('c0', 'c5'), ('c3', 'c0'), ('c4', 'c0')]
2020-02-24 12:13:14,395 - Simulator - INFO - My rank is 0, removed_nodes: []
2020-02-24 12:13:14,395 - Simulator - INFO - My rank is 0, removed_edges: [('c0', 'c5'), ('c1', 'c0')]
2020-02-24 12:13:15,179 - Simulator - INFO - My rank is 0, removed_nodes: []
2020-02-24 12:13:15,179 - Simulator - INFO - My rank is 0, removed_edges: [('c4', 'c0')]
2020-02-24 12:13:15,947 - Simulator - INFO - My rank is 0, removed_nodes: []
2020-02-24 12:13:15,948 - Simulator - INFO - My rank is 0, removed_edges: [('c0', 'c1'), ('c0', 'c5'), ('c1', 'c0'), ('c5', 'c0')]
2020-02-24 12:13:16,703 - Simulator - INFO - My rank is 0, removed_nodes: []
2020-02-24 12:13:16,704 - Simulator - INFO - My rank is 0, removed_edges: [('c0', 'c1'), ('c0', 'c2'), ('c0', 'c3'), ('c0', 'c4'), ('c0', 'c5'), ('c2', 'c0'), ('c3', 'c0')]
2020-02-24 12:13:17,461 - Simulator - INFO - My rank is 0, removed_nodes: []
2020-02-24 12:13:17,461 - Simulator - INFO - My rank is 0, removed_edges: [('c0', 'c2'), ('c0', 'c3'), ('c4', 'c0')]
2020-02-24 12:13:18,240 - Simulator - INFO - My rank is 0, removed_nodes: []
2020-02-24 12:13:18,241 - Simulator - INFO - My rank is 0, removed_edges: [('c0', 'c1'), ('c0', 'c2'), ('c0', 'c5'), ('c2', 'c0')]
2020-02-24 12:13:19,045 - Simulator - INFO - My rank is 0, removed_nodes: []
2020-02-24 12:13:19,046 - Simulator - INFO - My rank is 0, removed_edges: [('c0', 'c4'), ('c0', 'c5'), ('c4', 'c0'), ('c5', 'c0')]
2020-02-24 12:13:19,845 - Simulator - INFO - My rank is 0, removed_nodes: []
2020-02-24 12:13:19,846 - Simulator - INFO - My rank is 0, removed_edges: [('c0', 'c5'), ('c1', 'c0'), ('c2', 'c0'), ('c4', 'c0')]
2020-02-24 12:13:20,628 - Simulator - INFO - My rank is 0, removed_nodes: []
2020-02-24 12:13:20,628 - Simulator - INFO - My rank is 0, removed_edges: [('c0', 'c1'), ('c0', 'c5'), ('c1', 'c0'), ('c2', 'c0')]
2020-02-24 12:13:21,443 - Simulator - INFO - My rank is 0, removed_nodes: []
2020-02-24 12:13:21,444 - Simulator - INFO - My rank is 0, removed_edges: [('c0', 'c1'), ('c0', 'c2'), ('c0', 'c3'), ('c4', 'c0')]
2020-02-24 12:13:22,254 - Simulator - INFO - My rank is 0, removed_nodes: []
2020-02-24 12:13:22,255 - Simulator - INFO - My rank is 0, removed_edges: [('c0', 'c2'), ('c0', 'c3'), ('c1', 'c0'), ('c2', 'c0'), ('c5', 'c0')]
